<?xml version="1.0" encoding="UTF-8"?>
<!-- Generated by org.testng.reporters.JUnitXMLReporter -->
<testsuite ignored="0" hostname="DESKTOP-MCS3M3G" failures="0" tests="3" name="Default test" time="0.186" errors="0" timestamp="2022-11-21T11:23:55 IST">
  <testcase classname="testCase.BaseClass" name="@BeforeTest beforeTest" time="0.025">
    <failure type="java.io.FileNotFoundException" message="C:\Users\DELL\eclipse-workspace\Guru99Bank\src\test\resources\prod\.properties (The system cannot find the path specified)">
      <![CDATA[java.io.FileNotFoundException: C:\Users\DELL\eclipse-workspace\Guru99Bank\src\test\resources\prod\.properties (The system cannot find the path specified)
at java.base/java.io.FileInputStream.open0(Native Method)
at java.base/java.io.FileInputStream.open(FileInputStream.java:216)
at java.base/java.io.FileInputStream.<init>(FileInputStream.java:157)
at java.base/java.io.FileInputStream.<init>(FileInputStream.java:111)
at keywords.ApplicationKeywords.<init>(ApplicationKeywords.java:20)
at testCase.BaseClass.beforeTest(BaseClass.java:25)
at java.base/jdk.internal.reflect.NativeMethodAccessorImpl.invoke0(Native Method)
at java.base/jdk.internal.reflect.NativeMethodAccessorImpl.invoke(NativeMethodAccessorImpl.java:77)
at java.base/jdk.internal.reflect.DelegatingMethodAccessorImpl.invoke(DelegatingMethodAccessorImpl.java:43)
at java.base/java.lang.reflect.Method.invoke(Method.java:568)
at org.testng.internal.MethodInvocationHelper.invokeMethod(MethodInvocationHelper.java:134)
at org.testng.internal.MethodInvocationHelper.invokeMethodConsideringTimeout(MethodInvocationHelper.java:63)
at org.testng.internal.ConfigInvoker.invokeConfigurationMethod(ConfigInvoker.java:348)
at org.testng.internal.ConfigInvoker.invokeConfigurations(ConfigInvoker.java:302)
at org.testng.TestRunner.invokeTestConfigurations(TestRunner.java:619)
at org.testng.TestRunner.beforeRun(TestRunner.java:609)
at org.testng.TestRunner.run(TestRunner.java:580)
at org.testng.SuiteRunner.runTest(SuiteRunner.java:384)
at org.testng.SuiteRunner.runSequentially(SuiteRunner.java:378)
at org.testng.SuiteRunner.privateRun(SuiteRunner.java:337)
at org.testng.SuiteRunner.run(SuiteRunner.java:286)
at org.testng.SuiteRunnerWorker.runSuite(SuiteRunnerWorker.java:53)
at org.testng.SuiteRunnerWorker.run(SuiteRunnerWorker.java:96)
at org.testng.TestNG.runSuitesSequentially(TestNG.java:1187)
at org.testng.TestNG.runSuitesLocally(TestNG.java:1109)
at org.testng.TestNG.runSuites(TestNG.java:1039)
at org.testng.TestNG.run(TestNG.java:1007)
at org.testng.remote.AbstractRemoteTestNG.run(AbstractRemoteTestNG.java:115)
at org.testng.remote.RemoteTestNG.initAndRun(RemoteTestNG.java:251)
at org.testng.remote.RemoteTestNG.main(RemoteTestNG.java:77)
]]>
    </failure>
  </testcase> <!-- @BeforeTest beforeTest -->
  <testcase classname="testCase.BaseClass" name="@BeforeMethod beforeMethod" time="-1.669010035494E9">
    <skipped/>
  </testcase> <!-- @BeforeMethod beforeMethod -->
  <testcase classname="testCase.BaseClass" name="@BeforeMethod beforeMethod" time="-1.669010035512E9">
    <skipped/>
  </testcase> <!-- @BeforeMethod beforeMethod -->
  <testcase classname="testCase.BaseClass" name="@BeforeMethod beforeMethod" time="-1.669010035526E9">
    <skipped/>
  </testcase> <!-- @BeforeMethod beforeMethod -->
  <testcase classname="testCase.AdjectiWebsite" name="headerHeading" time="0.0">
    <skipped/>
  </testcase> <!-- headerHeading -->
  <testcase classname="testCase.AdjectiWebsite" name="matchTitle" time="0.0">
    <skipped/>
  </testcase> <!-- matchTitle -->
  <testcase classname="testCase.AdjectiWebsite" name="matchUrl" time="0.0">
    <skipped/>
  </testcase> <!-- matchUrl -->
</testsuite> <!-- Default test -->
